<?xml version="1.0" encoding="UTF-8"?>
<robot generator="Robot 6.1.1 (Python 3.11.4 on win32)" generated="20231109 11:26:07.011" rpa="false" schemaversion="4">
<suite id="s1" name="Test Basic" source="c:\Users\PC\Documents\Test_Web\Browser_Library\test_basic.robot">
<test id="s1-t1" name="Test Basic Google" line="11">
<kw name="New Browser" library="Browser">
<arg>browser=${chrome}</arg>
<arg>headless=${False}</arg>
<tag>BrowserControl</tag>
<tag>Setter</tag>
<doc>Create a new playwright Browser with specified options.</doc>
<msg timestamp="20231109 11:26:07.671" level="INFO">{"browser": "chromium", "headless": false, "chromiumSandbox": false, "devtools": false, "handleSIGHUP": true, "handleSIGINT": true, "handleSIGTERM": true, "slowMo": 0.0, "timeout": 30000.0, "tracesDir": "C:\\Users\\PC\\Documents\\Test_Web\\Browser_Library\\browser\\traces\\c2c9c910-6de5-4159-b8fb-6d7ab0100aca"}</msg>
<msg timestamp="20231109 11:26:07.908" level="INFO">Successfully created browser with options: {"browser":"chromium","headless":false,"chromiumSandbox":false,"devtools":false,"handleSIGHUP":true,"handleSIGINT":true,"handleSIGTERM":true,"slowMo":0,"timeout":30000,"tracesDir":"C:\\Users\\PC\\Documents\\Test_Web\\Browser_Library\\browser\\traces\\c2c9c910-6de5-4159-b8fb-6d7ab0100aca"}</msg>
<status status="PASS" starttime="20231109 11:26:07.671" endtime="20231109 11:26:07.909"/>
</kw>
<kw name="New Page" library="Browser">
<arg>${url}</arg>
<tag>BrowserControl</tag>
<tag>Setter</tag>
<doc>Open a new Page.</doc>
<msg timestamp="20231109 11:26:09.104" level="INFO">Successfully initialized new page object and opened url: https://www.google.com/</msg>
<msg timestamp="20231109 11:26:09.104" level="INFO">No context was open. New context was automatically opened when this page is created.</msg>
<status status="PASS" starttime="20231109 11:26:07.910" endtime="20231109 11:26:09.105"/>
</kw>
<kw name="Search Google">
<arg>youtube</arg>
<kw name="Type Text" library="Browser">
<arg>id=APjFqb</arg>
<arg>${text}</arg>
<tag>PageContent</tag>
<tag>Setter</tag>
<doc>Types the given ``txt`` into the text field found by ``selector``.</doc>
<msg timestamp="20231109 11:26:09.106" level="INFO">Types the text 'youtube' in the given field.</msg>
<status status="PASS" starttime="20231109 11:26:09.106" endtime="20231109 11:26:09.176"/>
</kw>
<kw name="Click" library="Browser">
<arg>form div:nth-child(1) div.A8SBwf div.FPdoLc.lJ9FBc center input.gNO89b</arg>
<tag>PageContent</tag>
<tag>Setter</tag>
<doc>Simulates mouse click on the element found by ``selector``.</doc>
<status status="PASS" starttime="20231109 11:26:09.176" endtime="20231109 11:26:09.370"/>
</kw>
<kw name="Sleep" library="BuiltIn">
<arg>2s</arg>
<doc>Pauses the test executed for the given time.</doc>
<msg timestamp="20231109 11:26:11.371" level="INFO">Slept 2 seconds</msg>
<status status="PASS" starttime="20231109 11:26:09.371" endtime="20231109 11:26:11.371"/>
</kw>
<status status="PASS" starttime="20231109 11:26:09.105" endtime="20231109 11:26:11.372"/>
</kw>
<status status="PASS" starttime="20231109 11:26:07.668" endtime="20231109 11:26:11.373"/>
</test>
<status status="PASS" starttime="20231109 11:26:07.014" endtime="20231109 11:26:11.427"/>
</suite>
<statistics>
<total>
<stat pass="1" fail="0" skip="0">All Tests</stat>
</total>
<tag>
</tag>
<suite>
<stat pass="1" fail="0" skip="0" id="s1" name="Test Basic">Test Basic</stat>
</suite>
</statistics>
<errors>
</errors>
</robot>
